<?xml version="1.0" encoding="UTF-8"?>
<!-- Generated by org.testng.reporters.JUnitReportReporter -->
<testsuite skipped="0" hostname="Web-PC" name="tests.LoginTest" tests="1" failures="0" timestamp="10 Jun 2019 10:18:06 GMT" time="128.458" errors="0">
  <testcase name="verifyInvalidLoginValidationMessage" time="128.458" classname="tests.LoginTest"/>
</testsuite> <!-- tests.LoginTest -->
